0 info it worked if it ends with ok
1 verbose cli [ '/home/ubuntu/.nvm/versions/node/v4.6.1/bin/node',
1 verbose cli   '/home/ubuntu/.nvm/versions/node/v4.6.1/bin/npm',
1 verbose cli   'publish' ]
2 info using npm@2.15.9
3 info using node@v4.6.1
4 verbose publish [ '.' ]
5 silly cache add args [ '.', null ]
6 verbose cache add spec .
7 silly cache add parsed spec Result {
7 silly cache add   raw: '.',
7 silly cache add   scope: null,
7 silly cache add   name: null,
7 silly cache add   rawSpec: '.',
7 silly cache add   spec: '/home/ubuntu/workspace/generator-rice',
7 silly cache add   type: 'directory' }
8 verbose addLocalDirectory /home/ubuntu/.npm/generator-rice/0.0.2/package.tgz not in flight; packing
9 verbose correctMkdir /home/ubuntu/.npm correctMkdir not in flight; initializing
10 verbose tar pack [ '/home/ubuntu/.npm/generator-rice/0.0.2/package.tgz',
10 verbose tar pack   '/home/ubuntu/workspace/generator-rice' ]
11 verbose tarball /home/ubuntu/.npm/generator-rice/0.0.2/package.tgz
12 verbose folder /home/ubuntu/workspace/generator-rice
13 info prepublish generator-rice@0.0.2
14 verbose unsafe-perm in lifecycle true
15 verbose addLocalTarball adding from inside cache /home/ubuntu/.npm/generator-rice/0.0.2/package.tgz
16 verbose correctMkdir /home/ubuntu/.npm correctMkdir not in flight; initializing
17 silly cache afterAdd generator-rice@0.0.2
18 verbose afterAdd /home/ubuntu/.npm/generator-rice/0.0.2/package/package.json not in flight; writing
19 verbose correctMkdir /home/ubuntu/.npm correctMkdir not in flight; initializing
20 verbose afterAdd /home/ubuntu/.npm/generator-rice/0.0.2/package/package.json written
21 silly publish { name: 'generator-rice',
21 silly publish   version: '0.0.2',
21 silly publish   author: { name: 'Philippe Assis', email: 'assis@philippeassis.com' },
21 silly publish   files: [ 'generators' ],
21 silly publish   main: 'generators/index.js',
21 silly publish   keywords: [ 'yeoman-generator' ],
21 silly publish   dependencies:
21 silly publish    { 'yeoman-generator': '^1.0.0',
21 silly publish      chalk: '^1.1.3',
21 silly publish      yosay: '^1.2.1' },
21 silly publish   devDependencies:
21 silly publish    { 'yeoman-test': '^1.6.0',
21 silly publish      'yeoman-assert': '^2.2.1',
21 silly publish      eslint: '^3.1.1',
21 silly publish      'eslint-config-xo-space': '^0.15.0',
21 silly publish      gulp: '^3.9.0',
21 silly publish      'gulp-eslint': '^3.0.1',
21 silly publish      'gulp-exclude-gitignore': '^1.0.0',
21 silly publish      'gulp-line-ending-corrector': '^1.0.1',
21 silly publish      'gulp-istanbul': '^1.0.0',
21 silly publish      'gulp-mocha': '^3.0.1',
21 silly publish      'gulp-plumber': '^1.0.0',
21 silly publish      'gulp-nsp': '^2.1.0',
21 silly publish      'gulp-coveralls': '^0.1.0' },
21 silly publish   eslintConfig: { extends: 'xo-space', env: { mocha: true } },
21 silly publish   repository:
21 silly publish    { type: 'git',
21 silly publish      url: 'git+https://github.com/PhilippeAssis/generator-rice.git' },
21 silly publish   scripts: { prepublish: 'gulp prepublish', test: 'gulp' },
21 silly publish   license: 'Apache-2.0',
21 silly publish   readme: '# generator-rice\n\n## Installation\n\nFirst, install [Yeoman](http://yeoman.io) and generator-rice using [npm](https://www.npmjs.com/) (we assume you have pre-installed [node.js](https://nodejs.org/)).\n\n```bash\nnpm install -g yo\nnpm install -g generator-rice\n```\n\nThen generate your new project:\n\n```bash\nyo rice\n```\n\n## Getting To Know Yeoman\n\n * Yeoman has a heart of gold.\n * Yeoman is a person with feelings and opinions, but is very easy to work with.\n * Yeoman can be too opinionated at times but is easily convinced not to be.\n * Feel free to [learn more about Yeoman](http://yeoman.io/).\n\n## License\n\nApache-2.0 © [Philippe Assis]()\n\n\n[npm-image]: https://badge.fury.io/js/generator-rice.svg\n[npm-url]: https://npmjs.org/package/generator-rice\n[travis-image]: https://travis-ci.org//generator-rice.svg?branch=master\n[travis-url]: https://travis-ci.org//generator-rice\n[daviddm-image]: https://david-dm.org//generator-rice.svg?theme=shields.io\n[daviddm-url]: https://david-dm.org//generator-rice\n[coveralls-image]: https://coveralls.io/repos//generator-rice/badge.svg\n[coveralls-url]: https://coveralls.io/r//generator-rice\n',
21 silly publish   readmeFilename: 'README.md',
21 silly publish   gitHead: '5d5301cf13e92a2622fbe2f430d3dac4b1768994',
21 silly publish   description: '## Installation',
21 silly publish   bugs: { url: 'https://github.com/PhilippeAssis/generator-rice/issues' },
21 silly publish   homepage: 'https://github.com/PhilippeAssis/generator-rice#readme',
21 silly publish   _id: 'generator-rice@0.0.2',
21 silly publish   _shasum: 'cf2ee0a3d07dc8bb7f76e55c3555295872ed8cd7',
21 silly publish   _from: '.' }
22 verbose getPublishConfig undefined
23 silly mapToRegistry name generator-rice
24 silly mapToRegistry using default registry
25 silly mapToRegistry registry https://registry.npmjs.org/
26 silly mapToRegistry data Result {
26 silly mapToRegistry   raw: 'generator-rice',
26 silly mapToRegistry   scope: null,
26 silly mapToRegistry   name: 'generator-rice',
26 silly mapToRegistry   rawSpec: '',
26 silly mapToRegistry   spec: 'latest',
26 silly mapToRegistry   type: 'tag' }
27 silly mapToRegistry uri https://registry.npmjs.org/generator-rice
28 verbose publish registryBase https://registry.npmjs.org/
29 silly publish uploading /home/ubuntu/.npm/generator-rice/0.0.2/package.tgz
30 verbose request uri https://registry.npmjs.org/generator-rice
31 verbose request sending authorization for write operation
32 info attempt registry request try #1 at 5:38:33 PM
33 verbose request using bearer token for auth
34 verbose request id 0d9dd6a3a0d047aa
35 http request PUT https://registry.npmjs.org/generator-rice
36 http 403 https://registry.npmjs.org/generator-rice
37 verbose headers { 'content-type': 'application/json',
37 verbose headers   'cache-control': 'max-age=300',
37 verbose headers   'content-length': '95',
37 verbose headers   'accept-ranges': 'bytes',
37 verbose headers   date: 'Tue, 14 Feb 2017 17:38:34 GMT',
37 verbose headers   via: '1.1 varnish',
37 verbose headers   connection: 'keep-alive',
37 verbose headers   'x-served-by': 'cache-ord1724-ORD',
37 verbose headers   'x-cache': 'MISS',
37 verbose headers   'x-cache-hits': '0',
37 verbose headers   'x-timer': 'S1487093913.605733,VS0,VE995',
37 verbose headers   vary: 'Accept-Encoding' }
38 verbose request invalidating /home/ubuntu/.npm/registry.npmjs.org/generator-rice on PUT
39 error publish Failed PUT 403
40 verbose stack Error: "You cannot publish over the previously published version 0.0.2." : generator-rice
40 verbose stack     at makeError (/home/ubuntu/.nvm/versions/node/v4.6.1/lib/node_modules/npm/node_modules/npm-registry-client/lib/request.js:264:12)
40 verbose stack     at CachingRegistryClient.<anonymous> (/home/ubuntu/.nvm/versions/node/v4.6.1/lib/node_modules/npm/node_modules/npm-registry-client/lib/request.js:252:14)
40 verbose stack     at Request._callback (/home/ubuntu/.nvm/versions/node/v4.6.1/lib/node_modules/npm/node_modules/npm-registry-client/lib/request.js:172:14)
40 verbose stack     at Request.self.callback (/home/ubuntu/.nvm/versions/node/v4.6.1/lib/node_modules/npm/node_modules/request/request.js:200:22)
40 verbose stack     at emitTwo (events.js:87:13)
40 verbose stack     at Request.emit (events.js:172:7)
40 verbose stack     at Request.<anonymous> (/home/ubuntu/.nvm/versions/node/v4.6.1/lib/node_modules/npm/node_modules/request/request.js:1067:10)
40 verbose stack     at emitOne (events.js:82:20)
40 verbose stack     at Request.emit (events.js:169:7)
40 verbose stack     at IncomingMessage.<anonymous> (/home/ubuntu/.nvm/versions/node/v4.6.1/lib/node_modules/npm/node_modules/request/request.js:988:12)
41 verbose statusCode 403
42 verbose pkgid generator-rice
43 verbose cwd /home/ubuntu/workspace/generator-rice
44 error Linux 4.8.2-c9
45 error argv "/home/ubuntu/.nvm/versions/node/v4.6.1/bin/node" "/home/ubuntu/.nvm/versions/node/v4.6.1/bin/npm" "publish"
46 error node v4.6.1
47 error npm  v2.15.9
48 error code E403
49 error "You cannot publish over the previously published version 0.0.2." : generator-rice
50 error If you need help, you may report this error at:
50 error     <https://github.com/npm/npm/issues>
51 verbose exit [ 1, true ]
